Terminals unused in grammar

    EXPR_ERROR
    NOT


Grammar

    0 $accept: start $end

    1 start: if_expr

    2 if_expr: expr IF expr ELSE if_expr
    3        | expr

    4 expr: NUMBER
    5     | ID
    6     | SOURCE_COUNT '(' ID ')'
    7     | HAS_EVENT '(' ID ')'
    8     | STRCMP_CPUID_STR '(' ID ')'
    9     | expr '|' expr
   10     | expr '&' expr
   11     | expr '^' expr
   12     | expr '<' expr
   13     | expr '>' expr
   14     | expr '+' expr
   15     | expr '-' expr
   16     | expr '*' expr
   17     | expr '/' expr
   18     | expr '%' expr
   19     | D_RATIO '(' expr ',' expr ')'
   20     | '-' expr
   21     | '(' if_expr ')'
   22     | MIN '(' expr ',' expr ')'
   23     | MAX '(' expr ',' expr ')'
   24     | LITERAL


Terminals, with rules where they appear

    $end (0) 0
    '%' (37) 18
    '&' (38) 10
    '(' (40) 6 7 8 19 21 22 23
    ')' (41) 6 7 8 19 21 22 23
    '*' (42) 16
    '+' (43) 14
    ',' (44) 19 22 23
    '-' (45) 15 20
    '/' (47) 17
    '<' (60) 12
    '>' (62) 13
    '^' (94) 11
    '|' (124) 9
    error (256)
    ID <str> (258) 5 6 7 8
    NUMBER <num> (259) 4
    MIN (260) 22
    MAX (261) 23
    IF (262) 2
    ELSE (263) 2
    LITERAL <num> (264) 24
    D_RATIO (265) 19
    SOURCE_COUNT (266) 6
    HAS_EVENT (267) 7
    STRCMP_CPUID_STR (268) 8
    EXPR_ERROR (269)
    NEG (270)
    NOT (271)


Nonterminals, with rules where they appear

    $accept (30)
        on left: 0
    start (31)
        on left: 1
        on right: 0
    if_expr <ids> (32)
        on left: 2 3
        on right: 1 2 21
    expr <ids> (33)
        on left: 4 5 6 7 8 9 10 11 12 13 14 15 16 17 18 19 20 21 22 23 24
        on right: 2 3 9 10 11 12 13 14 15 16 17 18 19 20 22 23


State 0

    0 $accept: . start $end

    ID                shift, and go to state 1
    NUMBER            shift, and go to state 2
    MIN               shift, and go to state 3
    MAX               shift, and go to state 4
    LITERAL           shift, and go to state 5
    D_RATIO           shift, and go to state 6
    SOURCE_COUNT      shift, and go to state 7
    HAS_EVENT         shift, and go to state 8
    STRCMP_CPUID_STR  shift, and go to state 9
    '-'               shift, and go to state 10
    '('               shift, and go to state 11

    start    go to state 12
    if_expr  go to state 13
    expr     go to state 14


State 1

    5 expr: ID .

    $default  reduce using rule 5 (expr)


State 2

    4 expr: NUMBER .

    $default  reduce using rule 4 (expr)


State 3

   22 expr: MIN . '(' expr ',' expr ')'

    '('  shift, and go to state 15


State 4

   23 expr: MAX . '(' expr ',' expr ')'

    '('  shift, and go to state 16


State 5

   24 expr: LITERAL .

    $default  reduce using rule 24 (expr)


State 6

   19 expr: D_RATIO . '(' expr ',' expr ')'

    '('  shift, and go to state 17


State 7

    6 expr: SOURCE_COUNT . '(' ID ')'

    '('  shift, and go to state 18


State 8

    7 expr: HAS_EVENT . '(' ID ')'

    '('  shift, and go to state 19


State 9

    8 expr: STRCMP_CPUID_STR . '(' ID ')'

    '('  shift, and go to state 20


State 10

   20 expr: '-' . expr

    ID                shift, and go to state 1
    NUMBER            shift, and go to state 2
    MIN               shift, and go to state 3
    MAX               shift, and go to state 4
    LITERAL           shift, and go to state 5
    D_RATIO           shift, and go to state 6
    SOURCE_COUNT      shift, and go to state 7
    HAS_EVENT         shift, and go to state 8
    STRCMP_CPUID_STR  shift, and go to state 9
    '-'               shift, and go to state 10
    '('               shift, and go to state 11

    expr  go to state 21


State 11

   21 expr: '(' . if_expr ')'

    ID                shift, and go to state 1
    NUMBER            shift, and go to state 2
    MIN               shift, and go to state 3
    MAX               shift, and go to state 4
    LITERAL           shift, and go to state 5
    D_RATIO           shift, and go to state 6
    SOURCE_COUNT      shift, and go to state 7
    HAS_EVENT         shift, and go to state 8
    STRCMP_CPUID_STR  shift, and go to state 9
    '-'               shift, and go to state 10
    '('               shift, and go to state 11

    if_expr  go to state 22
    expr     go to state 14


State 12

    0 $accept: start . $end

    $end  shift, and go to state 23


State 13

    1 start: if_expr .

    $default  reduce using rule 1 (start)


State 14

    2 if_expr: expr . IF expr ELSE if_expr
    3        | expr .
    9 expr: expr . '|' expr
   10     | expr . '&' expr
   11     | expr . '^' expr
   12     | expr . '<' expr
   13     | expr . '>' expr
   14     | expr . '+' expr
   15     | expr . '-' expr
   16     | expr . '*' expr
   17     | expr . '/' expr
   18     | expr . '%' expr

    IF   shift, and go to state 24
    '|'  shift, and go to state 25
    '^'  shift, and go to state 26
    '&'  shift, and go to state 27
    '<'  shift, and go to state 28
    '>'  shift, and go to state 29
    '-'  shift, and go to state 30
    '+'  shift, and go to state 31
    '*'  shift, and go to state 32
    '/'  shift, and go to state 33
    '%'  shift, and go to state 34

    $default  reduce using rule 3 (if_expr)


State 15

   22 expr: MIN '(' . expr ',' expr ')'

    ID                shift, and go to state 1
    NUMBER            shift, and go to state 2
    MIN               shift, and go to state 3
    MAX               shift, and go to state 4
    LITERAL           shift, and go to state 5
    D_RATIO           shift, and go to state 6
    SOURCE_COUNT      shift, and go to state 7
    HAS_EVENT         shift, and go to state 8
    STRCMP_CPUID_STR  shift, and go to state 9
    '-'               shift, and go to state 10
    '('               shift, and go to state 11

    expr  go to state 35


State 16

   23 expr: MAX '(' . expr ',' expr ')'

    ID                shift, and go to state 1
    NUMBER            shift, and go to state 2
    MIN               shift, and go to state 3
    MAX               shift, and go to state 4
    LITERAL           shift, and go to state 5
    D_RATIO           shift, and go to state 6
    SOURCE_COUNT      shift, and go to state 7
    HAS_EVENT         shift, and go to state 8
    STRCMP_CPUID_STR  shift, and go to state 9
    '-'               shift, and go to state 10
    '('               shift, and go to state 11

    expr  go to state 36


State 17

   19 expr: D_RATIO '(' . expr ',' expr ')'

    ID                shift, and go to state 1
    NUMBER            shift, and go to state 2
    MIN               shift, and go to state 3
    MAX               shift, and go to state 4
    LITERAL           shift, and go to state 5
    D_RATIO           shift, and go to state 6
    SOURCE_COUNT      shift, and go to state 7
    HAS_EVENT         shift, and go to state 8
    STRCMP_CPUID_STR  shift, and go to state 9
    '-'               shift, and go to state 10
    '('               shift, and go to state 11

    expr  go to state 37


State 18

    6 expr: SOURCE_COUNT '(' . ID ')'

    ID  shift, and go to state 38


State 19

    7 expr: HAS_EVENT '(' . ID ')'

    ID  shift, and go to state 39


State 20

    8 expr: STRCMP_CPUID_STR '(' . ID ')'

    ID  shift, and go to state 40


State 21

    9 expr: expr . '|' expr
   10     | expr . '&' expr
   11     | expr . '^' expr
   12     | expr . '<' expr
   13     | expr . '>' expr
   14     | expr . '+' expr
   15     | expr . '-' expr
   16     | expr . '*' expr
   17     | expr . '/' expr
   18     | expr . '%' expr
   20     | '-' expr .

    $default  reduce using rule 20 (expr)


State 22

   21 expr: '(' if_expr . ')'

    ')'  shift, and go to state 41


State 23

    0 $accept: start $end .

    $default  accept


State 24

    2 if_expr: expr IF . expr ELSE if_expr

    ID                shift, and go to state 1
    NUMBER            shift, and go to state 2
    MIN               shift, and go to state 3
    MAX               shift, and go to state 4
    LITERAL           shift, and go to state 5
    D_RATIO           shift, and go to state 6
    SOURCE_COUNT      shift, and go to state 7
    HAS_EVENT         shift, and go to state 8
    STRCMP_CPUID_STR  shift, and go to state 9
    '-'               shift, and go to state 10
    '('               shift, and go to state 11

    expr  go to state 42


State 25

    9 expr: expr '|' . expr

    ID                shift, and go to state 1
    NUMBER            shift, and go to state 2
    MIN               shift, and go to state 3
    MAX               shift, and go to state 4
    LITERAL           shift, and go to state 5
    D_RATIO           shift, and go to state 6
    SOURCE_COUNT      shift, and go to state 7
    HAS_EVENT         shift, and go to state 8
    STRCMP_CPUID_STR  shift, and go to state 9
    '-'               shift, and go to state 10
    '('               shift, and go to state 11

    expr  go to state 43


State 26

   11 expr: expr '^' . expr

    ID                shift, and go to state 1
    NUMBER            shift, and go to state 2
    MIN               shift, and go to state 3
    MAX               shift, and go to state 4
    LITERAL           shift, and go to state 5
    D_RATIO           shift, and go to state 6
    SOURCE_COUNT      shift, and go to state 7
    HAS_EVENT         shift, and go to state 8
    STRCMP_CPUID_STR  shift, and go to state 9
    '-'               shift, and go to state 10
    '('               shift, and go to state 11

    expr  go to state 44


State 27

   10 expr: expr '&' . expr

    ID                shift, and go to state 1
    NUMBER            shift, and go to state 2
    MIN               shift, and go to state 3
    MAX               shift, and go to state 4
    LITERAL           shift, and go to state 5
    D_RATIO           shift, and go to state 6
    SOURCE_COUNT      shift, and go to state 7
    HAS_EVENT         shift, and go to state 8
    STRCMP_CPUID_STR  shift, and go to state 9
    '-'               shift, and go to state 10
    '('               shift, and go to state 11

    expr  go to state 45


State 28

   12 expr: expr '<' . expr

    ID                shift, and go to state 1
    NUMBER            shift, and go to state 2
    MIN               shift, and go to state 3
    MAX               shift, and go to state 4
    LITERAL           shift, and go to state 5
    D_RATIO           shift, and go to state 6
    SOURCE_COUNT      shift, and go to state 7
    HAS_EVENT         shift, and go to state 8
    STRCMP_CPUID_STR  shift, and go to state 9
    '-'               shift, and go to state 10
    '('               shift, and go to state 11

    expr  go to state 46


State 29

   13 expr: expr '>' . expr

    ID                shift, and go to state 1
    NUMBER            shift, and go to state 2
    MIN               shift, and go to state 3
    MAX               shift, and go to state 4
    LITERAL           shift, and go to state 5
    D_RATIO           shift, and go to state 6
    SOURCE_COUNT      shift, and go to state 7
    HAS_EVENT         shift, and go to state 8
    STRCMP_CPUID_STR  shift, and go to state 9
    '-'               shift, and go to state 10
    '('               shift, and go to state 11

    expr  go to state 47


State 30

   15 expr: expr '-' . expr

    ID                shift, and go to state 1
    NUMBER            shift, and go to state 2
    MIN               shift, and go to state 3
    MAX               shift, and go to state 4
    LITERAL           shift, and go to state 5
    D_RATIO           shift, and go to state 6
    SOURCE_COUNT      shift, and go to state 7
    HAS_EVENT         shift, and go to state 8
    STRCMP_CPUID_STR  shift, and go to state 9
    '-'               shift, and go to state 10
    '('               shift, and go to state 11

    expr  go to state 48


State 31

   14 expr: expr '+' . expr

    ID                shift, and go to state 1
    NUMBER            shift, and go to state 2
    MIN               shift, and go to state 3
    MAX               shift, and go to state 4
    LITERAL           shift, and go to state 5
    D_RATIO           shift, and go to state 6
    SOURCE_COUNT      shift, and go to state 7
    HAS_EVENT         shift, and go to state 8
    STRCMP_CPUID_STR  shift, and go to state 9
    '-'               shift, and go to state 10
    '('               shift, and go to state 11

    expr  go to state 49


State 32

   16 expr: expr '*' . expr

    ID                shift, and go to state 1
    NUMBER            shift, and go to state 2
    MIN               shift, and go to state 3
    MAX               shift, and go to state 4
    LITERAL           shift, and go to state 5
    D_RATIO           shift, and go to state 6
    SOURCE_COUNT      shift, and go to state 7
    HAS_EVENT         shift, and go to state 8
    STRCMP_CPUID_STR  shift, and go to state 9
    '-'               shift, and go to state 10
    '('               shift, and go to state 11

    expr  go to state 50


State 33

   17 expr: expr '/' . expr

    ID                shift, and go to state 1
    NUMBER            shift, and go to state 2
    MIN               shift, and go to state 3
    MAX               shift, and go to state 4
    LITERAL           shift, and go to state 5
    D_RATIO           shift, and go to state 6
    SOURCE_COUNT      shift, and go to state 7
    HAS_EVENT         shift, and go to state 8
    STRCMP_CPUID_STR  shift, and go to state 9
    '-'               shift, and go to state 10
    '('               shift, and go to state 11

    expr  go to state 51


State 34

   18 expr: expr '%' . expr

    ID                shift, and go to state 1
    NUMBER            shift, and go to state 2
    MIN               shift, and go to state 3
    MAX               shift, and go to state 4
    LITERAL           shift, and go to state 5
    D_RATIO           shift, and go to state 6
    SOURCE_COUNT      shift, and go to state 7
    HAS_EVENT         shift, and go to state 8
    STRCMP_CPUID_STR  shift, and go to state 9
    '-'               shift, and go to state 10
    '('               shift, and go to state 11

    expr  go to state 52


State 35

    9 expr: expr . '|' expr
   10     | expr . '&' expr
   11     | expr . '^' expr
   12     | expr . '<' expr
   13     | expr . '>' expr
   14     | expr . '+' expr
   15     | expr . '-' expr
   16     | expr . '*' expr
   17     | expr . '/' expr
   18     | expr . '%' expr
   22     | MIN '(' expr . ',' expr ')'

    '|'  shift, and go to state 25
    '^'  shift, and go to state 26
    '&'  shift, and go to state 27
    '<'  shift, and go to state 28
    '>'  shift, and go to state 29
    '-'  shift, and go to state 30
    '+'  shift, and go to state 31
    '*'  shift, and go to state 32
    '/'  shift, and go to state 33
    '%'  shift, and go to state 34
    ','  shift, and go to state 53


State 36

    9 expr: expr . '|' expr
   10     | expr . '&' expr
   11     | expr . '^' expr
   12     | expr . '<' expr
   13     | expr . '>' expr
   14     | expr . '+' expr
   15     | expr . '-' expr
   16     | expr . '*' expr
   17     | expr . '/' expr
   18     | expr . '%' expr
   23     | MAX '(' expr . ',' expr ')'

    '|'  shift, and go to state 25
    '^'  shift, and go to state 26
    '&'  shift, and go to state 27
    '<'  shift, and go to state 28
    '>'  shift, and go to state 29
    '-'  shift, and go to state 30
    '+'  shift, and go to state 31
    '*'  shift, and go to state 32
    '/'  shift, and go to state 33
    '%'  shift, and go to state 34
    ','  shift, and go to state 54


State 37

    9 expr: expr . '|' expr
   10     | expr . '&' expr
   11     | expr . '^' expr
   12     | expr . '<' expr
   13     | expr . '>' expr
   14     | expr . '+' expr
   15     | expr . '-' expr
   16     | expr . '*' expr
   17     | expr . '/' expr
   18     | expr . '%' expr
   19     | D_RATIO '(' expr . ',' expr ')'

    '|'  shift, and go to state 25
    '^'  shift, and go to state 26
    '&'  shift, and go to state 27
    '<'  shift, and go to state 28
    '>'  shift, and go to state 29
    '-'  shift, and go to state 30
    '+'  shift, and go to state 31
    '*'  shift, and go to state 32
    '/'  shift, and go to state 33
    '%'  shift, and go to state 34
    ','  shift, and go to state 55


State 38

    6 expr: SOURCE_COUNT '(' ID . ')'

    ')'  shift, and go to state 56


State 39

    7 expr: HAS_EVENT '(' ID . ')'

    ')'  shift, and go to state 57


State 40

    8 expr: STRCMP_CPUID_STR '(' ID . ')'

    ')'  shift, and go to state 58


State 41

   21 expr: '(' if_expr ')' .

    $default  reduce using rule 21 (expr)


State 42

    2 if_expr: expr IF expr . ELSE if_expr
    9 expr: expr . '|' expr
   10     | expr . '&' expr
   11     | expr . '^' expr
   12     | expr . '<' expr
   13     | expr . '>' expr
   14     | expr . '+' expr
   15     | expr . '-' expr
   16     | expr . '*' expr
   17     | expr . '/' expr
   18     | expr . '%' expr

    ELSE  shift, and go to state 59
    '|'   shift, and go to state 25
    '^'   shift, and go to state 26
    '&'   shift, and go to state 27
    '<'   shift, and go to state 28
    '>'   shift, and go to state 29
    '-'   shift, and go to state 30
    '+'   shift, and go to state 31
    '*'   shift, and go to state 32
    '/'   shift, and go to state 33
    '%'   shift, and go to state 34


State 43

    9 expr: expr . '|' expr
    9     | expr '|' expr .
   10     | expr . '&' expr
   11     | expr . '^' expr
   12     | expr . '<' expr
   13     | expr . '>' expr
   14     | expr . '+' expr
   15     | expr . '-' expr
   16     | expr . '*' expr
   17     | expr . '/' expr
   18     | expr . '%' expr

    '^'  shift, and go to state 26
    '&'  shift, and go to state 27
    '<'  shift, and go to state 28
    '>'  shift, and go to state 29
    '-'  shift, and go to state 30
    '+'  shift, and go to state 31
    '*'  shift, and go to state 32
    '/'  shift, and go to state 33
    '%'  shift, and go to state 34

    $default  reduce using rule 9 (expr)


State 44

    9 expr: expr . '|' expr
   10     | expr . '&' expr
   11     | expr . '^' expr
   11     | expr '^' expr .
   12     | expr . '<' expr
   13     | expr . '>' expr
   14     | expr . '+' expr
   15     | expr . '-' expr
   16     | expr . '*' expr
   17     | expr . '/' expr
   18     | expr . '%' expr

    '&'  shift, and go to state 27
    '<'  shift, and go to state 28
    '>'  shift, and go to state 29
    '-'  shift, and go to state 30
    '+'  shift, and go to state 31
    '*'  shift, and go to state 32
    '/'  shift, and go to state 33
    '%'  shift, and go to state 34

    $default  reduce using rule 11 (expr)


State 45

    9 expr: expr . '|' expr
   10     | expr . '&' expr
   10     | expr '&' expr .
   11     | expr . '^' expr
   12     | expr . '<' expr
   13     | expr . '>' expr
   14     | expr . '+' expr
   15     | expr . '-' expr
   16     | expr . '*' expr
   17     | expr . '/' expr
   18     | expr . '%' expr

    '<'  shift, and go to state 28
    '>'  shift, and go to state 29
    '-'  shift, and go to state 30
    '+'  shift, and go to state 31
    '*'  shift, and go to state 32
    '/'  shift, and go to state 33
    '%'  shift, and go to state 34

    $default  reduce using rule 10 (expr)


State 46

    9 expr: expr . '|' expr
   10     | expr . '&' expr
   11     | expr . '^' expr
   12     | expr . '<' expr
   12     | expr '<' expr .
   13     | expr . '>' expr
   14     | expr . '+' expr
   15     | expr . '-' expr
   16     | expr . '*' expr
   17     | expr . '/' expr
   18     | expr . '%' expr

    '-'  shift, and go to state 30
    '+'  shift, and go to state 31
    '*'  shift, and go to state 32
    '/'  shift, and go to state 33
    '%'  shift, and go to state 34

    $default  reduce using rule 12 (expr)


State 47

    9 expr: expr . '|' expr
   10     | expr . '&' expr
   11     | expr . '^' expr
   12     | expr . '<' expr
   13     | expr . '>' expr
   13     | expr '>' expr .
   14     | expr . '+' expr
   15     | expr . '-' expr
   16     | expr . '*' expr
   17     | expr . '/' expr
   18     | expr . '%' expr

    '-'  shift, and go to state 30
    '+'  shift, and go to state 31
    '*'  shift, and go to state 32
    '/'  shift, and go to state 33
    '%'  shift, and go to state 34

    $default  reduce using rule 13 (expr)


State 48

    9 expr: expr . '|' expr
   10     | expr . '&' expr
   11     | expr . '^' expr
   12     | expr . '<' expr
   13     | expr . '>' expr
   14     | expr . '+' expr
   15     | expr . '-' expr
   15     | expr '-' expr .
   16     | expr . '*' expr
   17     | expr . '/' expr
   18     | expr . '%' expr

    '*'  shift, and go to state 32
    '/'  shift, and go to state 33
    '%'  shift, and go to state 34

    $default  reduce using rule 15 (expr)


State 49

    9 expr: expr . '|' expr
   10     | expr . '&' expr
   11     | expr . '^' expr
   12     | expr . '<' expr
   13     | expr . '>' expr
   14     | expr . '+' expr
   14     | expr '+' expr .
   15     | expr . '-' expr
   16     | expr . '*' expr
   17     | expr . '/' expr
   18     | expr . '%' expr

    '*'  shift, and go to state 32
    '/'  shift, and go to state 33
    '%'  shift, and go to state 34

    $default  reduce using rule 14 (expr)


State 50

    9 expr: expr . '|' expr
   10     | expr . '&' expr
   11     | expr . '^' expr
   12     | expr . '<' expr
   13     | expr . '>' expr
   14     | expr . '+' expr
   15     | expr . '-' expr
   16     | expr . '*' expr
   16     | expr '*' expr .
   17     | expr . '/' expr
   18     | expr . '%' expr

    $default  reduce using rule 16 (expr)


State 51

    9 expr: expr . '|' expr
   10     | expr . '&' expr
   11     | expr . '^' expr
   12     | expr . '<' expr
   13     | expr . '>' expr
   14     | expr . '+' expr
   15     | expr . '-' expr
   16     | expr . '*' expr
   17     | expr . '/' expr
   17     | expr '/' expr .
   18     | expr . '%' expr

    $default  reduce using rule 17 (expr)


State 52

    9 expr: expr . '|' expr
   10     | expr . '&' expr
   11     | expr . '^' expr
   12     | expr . '<' expr
   13     | expr . '>' expr
   14     | expr . '+' expr
   15     | expr . '-' expr
   16     | expr . '*' expr
   17     | expr . '/' expr
   18     | expr . '%' expr
   18     | expr '%' expr .

    $default  reduce using rule 18 (expr)


State 53

   22 expr: MIN '(' expr ',' . expr ')'

    ID                shift, and go to state 1
    NUMBER            shift, and go to state 2
    MIN               shift, and go to state 3
    MAX               shift, and go to state 4
    LITERAL           shift, and go to state 5
    D_RATIO           shift, and go to state 6
    SOURCE_COUNT      shift, and go to state 7
    HAS_EVENT         shift, and go to state 8
    STRCMP_CPUID_STR  shift, and go to state 9
    '-'               shift, and go to state 10
    '('               shift, and go to state 11

    expr  go to state 60


State 54

   23 expr: MAX '(' expr ',' . expr ')'

    ID                shift, and go to state 1
    NUMBER            shift, and go to state 2
    MIN               shift, and go to state 3
    MAX               shift, and go to state 4
    LITERAL           shift, and go to state 5
    D_RATIO           shift, and go to state 6
    SOURCE_COUNT      shift, and go to state 7
    HAS_EVENT         shift, and go to state 8
    STRCMP_CPUID_STR  shift, and go to state 9
    '-'               shift, and go to state 10
    '('               shift, and go to state 11

    expr  go to state 61


State 55

   19 expr: D_RATIO '(' expr ',' . expr ')'

    ID                shift, and go to state 1
    NUMBER            shift, and go to state 2
    MIN               shift, and go to state 3
    MAX               shift, and go to state 4
    LITERAL           shift, and go to state 5
    D_RATIO           shift, and go to state 6
    SOURCE_COUNT      shift, and go to state 7
    HAS_EVENT         shift, and go to state 8
    STRCMP_CPUID_STR  shift, and go to state 9
    '-'               shift, and go to state 10
    '('               shift, and go to state 11

    expr  go to state 62


State 56

    6 expr: SOURCE_COUNT '(' ID ')' .

    $default  reduce using rule 6 (expr)


State 57

    7 expr: HAS_EVENT '(' ID ')' .

    $default  reduce using rule 7 (expr)


State 58

    8 expr: STRCMP_CPUID_STR '(' ID ')' .

    $default  reduce using rule 8 (expr)


State 59

    2 if_expr: expr IF expr ELSE . if_expr

    ID                shift, and go to state 1
    NUMBER            shift, and go to state 2
    MIN               shift, and go to state 3
    MAX               shift, and go to state 4
    LITERAL           shift, and go to state 5
    D_RATIO           shift, and go to state 6
    SOURCE_COUNT      shift, and go to state 7
    HAS_EVENT         shift, and go to state 8
    STRCMP_CPUID_STR  shift, and go to state 9
    '-'               shift, and go to state 10
    '('               shift, and go to state 11

    if_expr  go to state 63
    expr     go to state 14


State 60

    9 expr: expr . '|' expr
   10     | expr . '&' expr
   11     | expr . '^' expr
   12     | expr . '<' expr
   13     | expr . '>' expr
   14     | expr . '+' expr
   15     | expr . '-' expr
   16     | expr . '*' expr
   17     | expr . '/' expr
   18     | expr . '%' expr
   22     | MIN '(' expr ',' expr . ')'

    '|'  shift, and go to state 25
    '^'  shift, and go to state 26
    '&'  shift, and go to state 27
    '<'  shift, and go to state 28
    '>'  shift, and go to state 29
    '-'  shift, and go to state 30
    '+'  shift, and go to state 31
    '*'  shift, and go to state 32
    '/'  shift, and go to state 33
    '%'  shift, and go to state 34
    ')'  shift, and go to state 64


State 61

    9 expr: expr . '|' expr
   10     | expr . '&' expr
   11     | expr . '^' expr
   12     | expr . '<' expr
   13     | expr . '>' expr
   14     | expr . '+' expr
   15     | expr . '-' expr
   16     | expr . '*' expr
   17     | expr . '/' expr
   18     | expr . '%' expr
   23     | MAX '(' expr ',' expr . ')'

    '|'  shift, and go to state 25
    '^'  shift, and go to state 26
    '&'  shift, and go to state 27
    '<'  shift, and go to state 28
    '>'  shift, and go to state 29
    '-'  shift, and go to state 30
    '+'  shift, and go to state 31
    '*'  shift, and go to state 32
    '/'  shift, and go to state 33
    '%'  shift, and go to state 34
    ')'  shift, and go to state 65


State 62

    9 expr: expr . '|' expr
   10     | expr . '&' expr
   11     | expr . '^' expr
   12     | expr . '<' expr
   13     | expr . '>' expr
   14     | expr . '+' expr
   15     | expr . '-' expr
   16     | expr . '*' expr
   17     | expr . '/' expr
   18     | expr . '%' expr
   19     | D_RATIO '(' expr ',' expr . ')'

    '|'  shift, and go to state 25
    '^'  shift, and go to state 26
    '&'  shift, and go to state 27
    '<'  shift, and go to state 28
    '>'  shift, and go to state 29
    '-'  shift, and go to state 30
    '+'  shift, and go to state 31
    '*'  shift, and go to state 32
    '/'  shift, and go to state 33
    '%'  shift, and go to state 34
    ')'  shift, and go to state 66


State 63

    2 if_expr: expr IF expr ELSE if_expr .

    $default  reduce using rule 2 (if_expr)


State 64

   22 expr: MIN '(' expr ',' expr ')' .

    $default  reduce using rule 22 (expr)


State 65

   23 expr: MAX '(' expr ',' expr ')' .

    $default  reduce using rule 23 (expr)


State 66

   19 expr: D_RATIO '(' expr ',' expr ')' .

    $default  reduce using rule 19 (expr)
