Terminals unused in grammar

    PE_ERROR


Grammar

    0 $accept: start $end

    1 start: PE_START_EVENTS start_events
    2      | PE_START_TERMS start_terms

    3 start_events: groups

    4 groups: groups ',' group
    5       | groups ',' event
    6       | group
    7       | event

    8 group: group_def ':' PE_MODIFIER_EVENT
    9      | group_def

   10 group_def: PE_NAME '{' events '}'
   11          | '{' events '}'

   12 events: events ',' event
   13       | event

   14 event: event_mod

   15 event_mod: event_name PE_MODIFIER_EVENT
   16          | event_name

   17 event_name: PE_EVENT_NAME event_def
   18           | event_def

   19 event_def: event_pmu
   20          | event_legacy_symbol
   21          | event_legacy_cache sep_dc
   22          | event_legacy_mem sep_dc
   23          | event_legacy_tracepoint sep_dc
   24          | event_legacy_numeric sep_dc
   25          | event_legacy_raw sep_dc

   26 event_pmu: PE_NAME opt_pmu_config
   27          | PE_NAME sep_dc

   28 value_sym: PE_VALUE_SYM_HW
   29          | PE_VALUE_SYM_SW

   30 event_legacy_symbol: value_sym '/' event_config '/'
   31                    | value_sym sep_slash_slash_dc
   32                    | PE_VALUE_SYM_TOOL sep_slash_slash_dc

   33 event_legacy_cache: PE_LEGACY_CACHE opt_event_config

   34 event_legacy_mem: PE_PREFIX_MEM PE_VALUE PE_BP_SLASH PE_VALUE PE_BP_COLON PE_MODIFIER_BP opt_event_config
   35                 | PE_PREFIX_MEM PE_VALUE PE_BP_SLASH PE_VALUE opt_event_config
   36                 | PE_PREFIX_MEM PE_VALUE PE_BP_COLON PE_MODIFIER_BP opt_event_config
   37                 | PE_PREFIX_MEM PE_VALUE opt_event_config

   38 event_legacy_tracepoint: tracepoint_name opt_event_config

   39 tracepoint_name: PE_NAME ':' PE_NAME

   40 event_legacy_numeric: PE_VALUE ':' PE_VALUE opt_event_config

   41 event_legacy_raw: PE_RAW opt_event_config

   42 opt_event_config: '/' event_config '/'
   43                 | '/' '/'
   44                 | %empty

   45 opt_pmu_config: '/' event_config '/'
   46               | '/' '/'

   47 start_terms: event_config

   48 event_config: event_config ',' event_term
   49             | event_term

   50 name_or_raw: PE_RAW
   51            | PE_NAME
   52            | PE_LEGACY_CACHE

   53 event_term: PE_RAW
   54           | name_or_raw '=' name_or_raw
   55           | name_or_raw '=' PE_VALUE
   56           | name_or_raw '=' PE_TERM_HW
   57           | PE_LEGACY_CACHE
   58           | PE_NAME
   59           | PE_TERM_HW
   60           | PE_TERM '=' name_or_raw
   61           | PE_TERM '=' PE_TERM_HW
   62           | PE_TERM '=' PE_TERM
   63           | PE_TERM '=' PE_VALUE
   64           | PE_TERM
   65           | PE_DRV_CFG_TERM

   66 sep_dc: ':'
   67       | %empty

   68 sep_slash_slash_dc: '/' '/'
   69                   | ':'
   70                   | %empty


Terminals, with rules where they appear

    $end (0) 0
    ',' (44) 4 5 12 48
    '/' (47) 30 42 43 45 46 68
    ':' (58) 8 39 40 66 69
    '=' (61) 54 55 56 60 61 62 63
    '{' (123) 10 11
    '}' (125) 10 11
    error (256)
    PE_START_EVENTS (258) 1
    PE_START_TERMS (259) 2
    PE_VALUE <num> (260) 34 35 36 37 40 55 63
    PE_VALUE_SYM_HW <num> (261) 28
    PE_VALUE_SYM_SW <num> (262) 29
    PE_TERM <num> (263) 60 61 62 63 64
    PE_VALUE_SYM_TOOL <num> (264) 32
    PE_EVENT_NAME <str> (265) 17
    PE_RAW <str> (266) 41 50 53
    PE_NAME <str> (267) 10 26 27 39 51 58
    PE_MODIFIER_EVENT <str> (268) 8 15
    PE_MODIFIER_BP <str> (269) 34 36
    PE_BP_COLON (270) 34 36
    PE_BP_SLASH (271) 34 35
    PE_LEGACY_CACHE <str> (272) 33 52 57
    PE_PREFIX_MEM (273) 34 35 36 37
    PE_ERROR (274)
    PE_DRV_CFG_TERM <str> (275) 65
    PE_TERM_HW <hardware_term> (276) 56 59 61


Nonterminals, with rules where they appear

    $accept (28)
        on left: 0
    start (29)
        on left: 1 2
        on right: 0
    start_events (30)
        on left: 3
        on right: 1
    groups <list_evsel> (31)
        on left: 4 5 6 7
        on right: 3 4 5
    group <list_evsel> (32)
        on left: 8 9
        on right: 4 6
    group_def <list_evsel> (33)
        on left: 10 11
        on right: 8 9
    events <list_evsel> (34)
        on left: 12 13
        on right: 10 11 12
    event <list_evsel> (35)
        on left: 14
        on right: 5 7 12 13
    event_mod <list_evsel> (36)
        on left: 15 16
        on right: 14
    event_name <list_evsel> (37)
        on left: 17 18
        on right: 15 16
    event_def <list_evsel> (38)
        on left: 19 20 21 22 23 24 25
        on right: 17 18
    event_pmu <list_evsel> (39)
        on left: 26 27
        on right: 19
    value_sym <num> (40)
        on left: 28 29
        on right: 30 31
    event_legacy_symbol <list_evsel> (41)
        on left: 30 31 32
        on right: 20
    event_legacy_cache <list_evsel> (42)
        on left: 33
        on right: 21
    event_legacy_mem <list_evsel> (43)
        on left: 34 35 36 37
        on right: 22
    event_legacy_tracepoint <list_evsel> (44)
        on left: 38
        on right: 23
    tracepoint_name <tracepoint_name> (45)
        on left: 39
        on right: 38
    event_legacy_numeric <list_evsel> (46)
        on left: 40
        on right: 24
    event_legacy_raw <list_evsel> (47)
        on left: 41
        on right: 25
    opt_event_config <list_terms> (48)
        on left: 42 43 44
        on right: 33 34 35 36 37 38 40 41
    opt_pmu_config <list_terms> (49)
        on left: 45 46
        on right: 26
    start_terms (50)
        on left: 47
        on right: 2
    event_config <list_terms> (51)
        on left: 48 49
        on right: 30 42 45 47 48
    name_or_raw <str> (52)
        on left: 50 51 52
        on right: 54 55 56 60
    event_term <term> (53)
        on left: 53 54 55 56 57 58 59 60 61 62 63 64 65
        on right: 48 49
    sep_dc (54)
        on left: 66 67
        on right: 21 22 23 24 25 27
    sep_slash_slash_dc (55)
        on left: 68 69 70
        on right: 31 32


State 0

    0 $accept: . start $end

    PE_START_EVENTS  shift, and go to state 1
    PE_START_TERMS   shift, and go to state 2

    start  go to state 3


State 1

    1 start: PE_START_EVENTS . start_events

    PE_VALUE           shift, and go to state 4
    PE_VALUE_SYM_HW    shift, and go to state 5
    PE_VALUE_SYM_SW    shift, and go to state 6
    PE_VALUE_SYM_TOOL  shift, and go to state 7
    PE_EVENT_NAME      shift, and go to state 8
    PE_RAW             shift, and go to state 9
    PE_NAME            shift, and go to state 10
    PE_LEGACY_CACHE    shift, and go to state 11
    PE_PREFIX_MEM      shift, and go to state 12
    '{'                shift, and go to state 13

    start_events             go to state 14
    groups                   go to state 15
    group                    go to state 16
    group_def                go to state 17
    event                    go to state 18
    event_mod                go to state 19
    event_name               go to state 20
    event_def                go to state 21
    event_pmu                go to state 22
    value_sym                go to state 23
    event_legacy_symbol      go to state 24
    event_legacy_cache       go to state 25
    event_legacy_mem         go to state 26
    event_legacy_tracepoint  go to state 27
    tracepoint_name          go to state 28
    event_legacy_numeric     go to state 29
    event_legacy_raw         go to state 30


State 2

    2 start: PE_START_TERMS . start_terms

    PE_TERM          shift, and go to state 31
    PE_RAW           shift, and go to state 32
    PE_NAME          shift, and go to state 33
    PE_LEGACY_CACHE  shift, and go to state 34
    PE_DRV_CFG_TERM  shift, and go to state 35
    PE_TERM_HW       shift, and go to state 36

    start_terms   go to state 37
    event_config  go to state 38
    name_or_raw   go to state 39
    event_term    go to state 40


State 3

    0 $accept: start . $end

    $end  shift, and go to state 41


State 4

   40 event_legacy_numeric: PE_VALUE . ':' PE_VALUE opt_event_config

    ':'  shift, and go to state 42


State 5

   28 value_sym: PE_VALUE_SYM_HW .

    $default  reduce using rule 28 (value_sym)


State 6

   29 value_sym: PE_VALUE_SYM_SW .

    $default  reduce using rule 29 (value_sym)


State 7

   32 event_legacy_symbol: PE_VALUE_SYM_TOOL . sep_slash_slash_dc

    ':'  shift, and go to state 43
    '/'  shift, and go to state 44

    $default  reduce using rule 70 (sep_slash_slash_dc)

    sep_slash_slash_dc  go to state 45


State 8

   17 event_name: PE_EVENT_NAME . event_def

    PE_VALUE           shift, and go to state 4
    PE_VALUE_SYM_HW    shift, and go to state 5
    PE_VALUE_SYM_SW    shift, and go to state 6
    PE_VALUE_SYM_TOOL  shift, and go to state 7
    PE_RAW             shift, and go to state 9
    PE_NAME            shift, and go to state 46
    PE_LEGACY_CACHE    shift, and go to state 11
    PE_PREFIX_MEM      shift, and go to state 12

    event_def                go to state 47
    event_pmu                go to state 22
    value_sym                go to state 23
    event_legacy_symbol      go to state 24
    event_legacy_cache       go to state 25
    event_legacy_mem         go to state 26
    event_legacy_tracepoint  go to state 27
    tracepoint_name          go to state 28
    event_legacy_numeric     go to state 29
    event_legacy_raw         go to state 30


State 9

   41 event_legacy_raw: PE_RAW . opt_event_config

    '/'  shift, and go to state 48

    $default  reduce using rule 44 (opt_event_config)

    opt_event_config  go to state 49


State 10

   10 group_def: PE_NAME . '{' events '}'
   26 event_pmu: PE_NAME . opt_pmu_config
   27          | PE_NAME . sep_dc
   39 tracepoint_name: PE_NAME . ':' PE_NAME

    ':'  shift, and go to state 50
    '{'  shift, and go to state 51
    '/'  shift, and go to state 52

    $default  reduce using rule 67 (sep_dc)

    opt_pmu_config  go to state 53
    sep_dc          go to state 54


State 11

   33 event_legacy_cache: PE_LEGACY_CACHE . opt_event_config

    '/'  shift, and go to state 48

    $default  reduce using rule 44 (opt_event_config)

    opt_event_config  go to state 55


State 12

   34 event_legacy_mem: PE_PREFIX_MEM . PE_VALUE PE_BP_SLASH PE_VALUE PE_BP_COLON PE_MODIFIER_BP opt_event_config
   35                 | PE_PREFIX_MEM . PE_VALUE PE_BP_SLASH PE_VALUE opt_event_config
   36                 | PE_PREFIX_MEM . PE_VALUE PE_BP_COLON PE_MODIFIER_BP opt_event_config
   37                 | PE_PREFIX_MEM . PE_VALUE opt_event_config

    PE_VALUE  shift, and go to state 56


State 13

   11 group_def: '{' . events '}'

    PE_VALUE           shift, and go to state 4
    PE_VALUE_SYM_HW    shift, and go to state 5
    PE_VALUE_SYM_SW    shift, and go to state 6
    PE_VALUE_SYM_TOOL  shift, and go to state 7
    PE_EVENT_NAME      shift, and go to state 8
    PE_RAW             shift, and go to state 9
    PE_NAME            shift, and go to state 46
    PE_LEGACY_CACHE    shift, and go to state 11
    PE_PREFIX_MEM      shift, and go to state 12

    events                   go to state 57
    event                    go to state 58
    event_mod                go to state 19
    event_name               go to state 20
    event_def                go to state 21
    event_pmu                go to state 22
    value_sym                go to state 23
    event_legacy_symbol      go to state 24
    event_legacy_cache       go to state 25
    event_legacy_mem         go to state 26
    event_legacy_tracepoint  go to state 27
    tracepoint_name          go to state 28
    event_legacy_numeric     go to state 29
    event_legacy_raw         go to state 30


State 14

    1 start: PE_START_EVENTS start_events .

    $default  reduce using rule 1 (start)


State 15

    3 start_events: groups .
    4 groups: groups . ',' group
    5       | groups . ',' event

    ','  shift, and go to state 59

    $default  reduce using rule 3 (start_events)


State 16

    6 groups: group .

    $default  reduce using rule 6 (groups)


State 17

    8 group: group_def . ':' PE_MODIFIER_EVENT
    9      | group_def .

    ':'  shift, and go to state 60

    $default  reduce using rule 9 (group)


State 18

    7 groups: event .

    $default  reduce using rule 7 (groups)


State 19

   14 event: event_mod .

    $default  reduce using rule 14 (event)


State 20

   15 event_mod: event_name . PE_MODIFIER_EVENT
   16          | event_name .

    PE_MODIFIER_EVENT  shift, and go to state 61

    $default  reduce using rule 16 (event_mod)


State 21

   18 event_name: event_def .

    $default  reduce using rule 18 (event_name)


State 22

   19 event_def: event_pmu .

    $default  reduce using rule 19 (event_def)


State 23

   30 event_legacy_symbol: value_sym . '/' event_config '/'
   31                    | value_sym . sep_slash_slash_dc

    ':'  shift, and go to state 43
    '/'  shift, and go to state 62

    $default  reduce using rule 70 (sep_slash_slash_dc)

    sep_slash_slash_dc  go to state 63


State 24

   20 event_def: event_legacy_symbol .

    $default  reduce using rule 20 (event_def)


State 25

   21 event_def: event_legacy_cache . sep_dc

    ':'  shift, and go to state 64

    $default  reduce using rule 67 (sep_dc)

    sep_dc  go to state 65


State 26

   22 event_def: event_legacy_mem . sep_dc

    ':'  shift, and go to state 64

    $default  reduce using rule 67 (sep_dc)

    sep_dc  go to state 66


State 27

   23 event_def: event_legacy_tracepoint . sep_dc

    ':'  shift, and go to state 64

    $default  reduce using rule 67 (sep_dc)

    sep_dc  go to state 67


State 28

   38 event_legacy_tracepoint: tracepoint_name . opt_event_config

    '/'  shift, and go to state 48

    $default  reduce using rule 44 (opt_event_config)

    opt_event_config  go to state 68


State 29

   24 event_def: event_legacy_numeric . sep_dc

    ':'  shift, and go to state 64

    $default  reduce using rule 67 (sep_dc)

    sep_dc  go to state 69


State 30

   25 event_def: event_legacy_raw . sep_dc

    ':'  shift, and go to state 64

    $default  reduce using rule 67 (sep_dc)

    sep_dc  go to state 70


State 31

   60 event_term: PE_TERM . '=' name_or_raw
   61           | PE_TERM . '=' PE_TERM_HW
   62           | PE_TERM . '=' PE_TERM
   63           | PE_TERM . '=' PE_VALUE
   64           | PE_TERM .

    '='  shift, and go to state 71

    $default  reduce using rule 64 (event_term)


State 32

   50 name_or_raw: PE_RAW .
   53 event_term: PE_RAW .

    '='       reduce using rule 50 (name_or_raw)
    $default  reduce using rule 53 (event_term)


State 33

   51 name_or_raw: PE_NAME .
   58 event_term: PE_NAME .

    '='       reduce using rule 51 (name_or_raw)
    $default  reduce using rule 58 (event_term)


State 34

   52 name_or_raw: PE_LEGACY_CACHE .
   57 event_term: PE_LEGACY_CACHE .

    '='       reduce using rule 52 (name_or_raw)
    $default  reduce using rule 57 (event_term)


State 35

   65 event_term: PE_DRV_CFG_TERM .

    $default  reduce using rule 65 (event_term)


State 36

   59 event_term: PE_TERM_HW .

    $default  reduce using rule 59 (event_term)


State 37

    2 start: PE_START_TERMS start_terms .

    $default  reduce using rule 2 (start)


State 38

   47 start_terms: event_config .
   48 event_config: event_config . ',' event_term

    ','  shift, and go to state 72

    $default  reduce using rule 47 (start_terms)


State 39

   54 event_term: name_or_raw . '=' name_or_raw
   55           | name_or_raw . '=' PE_VALUE
   56           | name_or_raw . '=' PE_TERM_HW

    '='  shift, and go to state 73


State 40

   49 event_config: event_term .

    $default  reduce using rule 49 (event_config)


State 41

    0 $accept: start $end .

    $default  accept


State 42

   40 event_legacy_numeric: PE_VALUE ':' . PE_VALUE opt_event_config

    PE_VALUE  shift, and go to state 74


State 43

   69 sep_slash_slash_dc: ':' .

    $default  reduce using rule 69 (sep_slash_slash_dc)


State 44

   68 sep_slash_slash_dc: '/' . '/'

    '/'  shift, and go to state 75


State 45

   32 event_legacy_symbol: PE_VALUE_SYM_TOOL sep_slash_slash_dc .

    $default  reduce using rule 32 (event_legacy_symbol)


State 46

   26 event_pmu: PE_NAME . opt_pmu_config
   27          | PE_NAME . sep_dc
   39 tracepoint_name: PE_NAME . ':' PE_NAME

    ':'  shift, and go to state 50
    '/'  shift, and go to state 52

    $default  reduce using rule 67 (sep_dc)

    opt_pmu_config  go to state 53
    sep_dc          go to state 54


State 47

   17 event_name: PE_EVENT_NAME event_def .

    $default  reduce using rule 17 (event_name)


State 48

   42 opt_event_config: '/' . event_config '/'
   43                 | '/' . '/'

    PE_TERM          shift, and go to state 31
    PE_RAW           shift, and go to state 32
    PE_NAME          shift, and go to state 33
    PE_LEGACY_CACHE  shift, and go to state 34
    PE_DRV_CFG_TERM  shift, and go to state 35
    PE_TERM_HW       shift, and go to state 36
    '/'              shift, and go to state 76

    event_config  go to state 77
    name_or_raw   go to state 39
    event_term    go to state 40


State 49

   41 event_legacy_raw: PE_RAW opt_event_config .

    $default  reduce using rule 41 (event_legacy_raw)


State 50

   39 tracepoint_name: PE_NAME ':' . PE_NAME
   66 sep_dc: ':' .

    PE_NAME  shift, and go to state 78

    $default  reduce using rule 66 (sep_dc)


State 51

   10 group_def: PE_NAME '{' . events '}'

    PE_VALUE           shift, and go to state 4
    PE_VALUE_SYM_HW    shift, and go to state 5
    PE_VALUE_SYM_SW    shift, and go to state 6
    PE_VALUE_SYM_TOOL  shift, and go to state 7
    PE_EVENT_NAME      shift, and go to state 8
    PE_RAW             shift, and go to state 9
    PE_NAME            shift, and go to state 46
    PE_LEGACY_CACHE    shift, and go to state 11
    PE_PREFIX_MEM      shift, and go to state 12

    events                   go to state 79
    event                    go to state 58
    event_mod                go to state 19
    event_name               go to state 20
    event_def                go to state 21
    event_pmu                go to state 22
    value_sym                go to state 23
    event_legacy_symbol      go to state 24
    event_legacy_cache       go to state 25
    event_legacy_mem         go to state 26
    event_legacy_tracepoint  go to state 27
    tracepoint_name          go to state 28
    event_legacy_numeric     go to state 29
    event_legacy_raw         go to state 30


State 52

   45 opt_pmu_config: '/' . event_config '/'
   46               | '/' . '/'

    PE_TERM          shift, and go to state 31
    PE_RAW           shift, and go to state 32
    PE_NAME          shift, and go to state 33
    PE_LEGACY_CACHE  shift, and go to state 34
    PE_DRV_CFG_TERM  shift, and go to state 35
    PE_TERM_HW       shift, and go to state 36
    '/'              shift, and go to state 80

    event_config  go to state 81
    name_or_raw   go to state 39
    event_term    go to state 40


State 53

   26 event_pmu: PE_NAME opt_pmu_config .

    $default  reduce using rule 26 (event_pmu)


State 54

   27 event_pmu: PE_NAME sep_dc .

    $default  reduce using rule 27 (event_pmu)


State 55

   33 event_legacy_cache: PE_LEGACY_CACHE opt_event_config .

    $default  reduce using rule 33 (event_legacy_cache)


State 56

   34 event_legacy_mem: PE_PREFIX_MEM PE_VALUE . PE_BP_SLASH PE_VALUE PE_BP_COLON PE_MODIFIER_BP opt_event_config
   35                 | PE_PREFIX_MEM PE_VALUE . PE_BP_SLASH PE_VALUE opt_event_config
   36                 | PE_PREFIX_MEM PE_VALUE . PE_BP_COLON PE_MODIFIER_BP opt_event_config
   37                 | PE_PREFIX_MEM PE_VALUE . opt_event_config

    PE_BP_COLON  shift, and go to state 82
    PE_BP_SLASH  shift, and go to state 83
    '/'          shift, and go to state 48

    $default  reduce using rule 44 (opt_event_config)

    opt_event_config  go to state 84


State 57

   11 group_def: '{' events . '}'
   12 events: events . ',' event

    ','  shift, and go to state 85
    '}'  shift, and go to state 86


State 58

   13 events: event .

    $default  reduce using rule 13 (events)


State 59

    4 groups: groups ',' . group
    5       | groups ',' . event

    PE_VALUE           shift, and go to state 4
    PE_VALUE_SYM_HW    shift, and go to state 5
    PE_VALUE_SYM_SW    shift, and go to state 6
    PE_VALUE_SYM_TOOL  shift, and go to state 7
    PE_EVENT_NAME      shift, and go to state 8
    PE_RAW             shift, and go to state 9
    PE_NAME            shift, and go to state 10
    PE_LEGACY_CACHE    shift, and go to state 11
    PE_PREFIX_MEM      shift, and go to state 12
    '{'                shift, and go to state 13

    group                    go to state 87
    group_def                go to state 17
    event                    go to state 88
    event_mod                go to state 19
    event_name               go to state 20
    event_def                go to state 21
    event_pmu                go to state 22
    value_sym                go to state 23
    event_legacy_symbol      go to state 24
    event_legacy_cache       go to state 25
    event_legacy_mem         go to state 26
    event_legacy_tracepoint  go to state 27
    tracepoint_name          go to state 28
    event_legacy_numeric     go to state 29
    event_legacy_raw         go to state 30


State 60

    8 group: group_def ':' . PE_MODIFIER_EVENT

    PE_MODIFIER_EVENT  shift, and go to state 89


State 61

   15 event_mod: event_name PE_MODIFIER_EVENT .

    $default  reduce using rule 15 (event_mod)


State 62

   30 event_legacy_symbol: value_sym '/' . event_config '/'
   68 sep_slash_slash_dc: '/' . '/'

    PE_TERM          shift, and go to state 31
    PE_RAW           shift, and go to state 32
    PE_NAME          shift, and go to state 33
    PE_LEGACY_CACHE  shift, and go to state 34
    PE_DRV_CFG_TERM  shift, and go to state 35
    PE_TERM_HW       shift, and go to state 36
    '/'              shift, and go to state 75

    event_config  go to state 90
    name_or_raw   go to state 39
    event_term    go to state 40


State 63

   31 event_legacy_symbol: value_sym sep_slash_slash_dc .

    $default  reduce using rule 31 (event_legacy_symbol)


State 64

   66 sep_dc: ':' .

    $default  reduce using rule 66 (sep_dc)


State 65

   21 event_def: event_legacy_cache sep_dc .

    $default  reduce using rule 21 (event_def)


State 66

   22 event_def: event_legacy_mem sep_dc .

    $default  reduce using rule 22 (event_def)


State 67

   23 event_def: event_legacy_tracepoint sep_dc .

    $default  reduce using rule 23 (event_def)


State 68

   38 event_legacy_tracepoint: tracepoint_name opt_event_config .

    $default  reduce using rule 38 (event_legacy_tracepoint)


State 69

   24 event_def: event_legacy_numeric sep_dc .

    $default  reduce using rule 24 (event_def)


State 70

   25 event_def: event_legacy_raw sep_dc .

    $default  reduce using rule 25 (event_def)


State 71

   60 event_term: PE_TERM '=' . name_or_raw
   61           | PE_TERM '=' . PE_TERM_HW
   62           | PE_TERM '=' . PE_TERM
   63           | PE_TERM '=' . PE_VALUE

    PE_VALUE         shift, and go to state 91
    PE_TERM          shift, and go to state 92
    PE_RAW           shift, and go to state 93
    PE_NAME          shift, and go to state 94
    PE_LEGACY_CACHE  shift, and go to state 95
    PE_TERM_HW       shift, and go to state 96

    name_or_raw  go to state 97


State 72

   48 event_config: event_config ',' . event_term

    PE_TERM          shift, and go to state 31
    PE_RAW           shift, and go to state 32
    PE_NAME          shift, and go to state 33
    PE_LEGACY_CACHE  shift, and go to state 34
    PE_DRV_CFG_TERM  shift, and go to state 35
    PE_TERM_HW       shift, and go to state 36

    name_or_raw  go to state 39
    event_term   go to state 98


State 73

   54 event_term: name_or_raw '=' . name_or_raw
   55           | name_or_raw '=' . PE_VALUE
   56           | name_or_raw '=' . PE_TERM_HW

    PE_VALUE         shift, and go to state 99
    PE_RAW           shift, and go to state 93
    PE_NAME          shift, and go to state 94
    PE_LEGACY_CACHE  shift, and go to state 95
    PE_TERM_HW       shift, and go to state 100

    name_or_raw  go to state 101


State 74

   40 event_legacy_numeric: PE_VALUE ':' PE_VALUE . opt_event_config

    '/'  shift, and go to state 48

    $default  reduce using rule 44 (opt_event_config)

    opt_event_config  go to state 102


State 75

   68 sep_slash_slash_dc: '/' '/' .

    $default  reduce using rule 68 (sep_slash_slash_dc)


State 76

   43 opt_event_config: '/' '/' .

    $default  reduce using rule 43 (opt_event_config)


State 77

   42 opt_event_config: '/' event_config . '/'
   48 event_config: event_config . ',' event_term

    ','  shift, and go to state 72
    '/'  shift, and go to state 103


State 78

   39 tracepoint_name: PE_NAME ':' PE_NAME .

    $default  reduce using rule 39 (tracepoint_name)


State 79

   10 group_def: PE_NAME '{' events . '}'
   12 events: events . ',' event

    ','  shift, and go to state 85
    '}'  shift, and go to state 104


State 80

   46 opt_pmu_config: '/' '/' .

    $default  reduce using rule 46 (opt_pmu_config)


State 81

   45 opt_pmu_config: '/' event_config . '/'
   48 event_config: event_config . ',' event_term

    ','  shift, and go to state 72
    '/'  shift, and go to state 105


State 82

   36 event_legacy_mem: PE_PREFIX_MEM PE_VALUE PE_BP_COLON . PE_MODIFIER_BP opt_event_config

    PE_MODIFIER_BP  shift, and go to state 106


State 83

   34 event_legacy_mem: PE_PREFIX_MEM PE_VALUE PE_BP_SLASH . PE_VALUE PE_BP_COLON PE_MODIFIER_BP opt_event_config
   35                 | PE_PREFIX_MEM PE_VALUE PE_BP_SLASH . PE_VALUE opt_event_config

    PE_VALUE  shift, and go to state 107


State 84

   37 event_legacy_mem: PE_PREFIX_MEM PE_VALUE opt_event_config .

    $default  reduce using rule 37 (event_legacy_mem)


State 85

   12 events: events ',' . event

    PE_VALUE           shift, and go to state 4
    PE_VALUE_SYM_HW    shift, and go to state 5
    PE_VALUE_SYM_SW    shift, and go to state 6
    PE_VALUE_SYM_TOOL  shift, and go to state 7
    PE_EVENT_NAME      shift, and go to state 8
    PE_RAW             shift, and go to state 9
    PE_NAME            shift, and go to state 46
    PE_LEGACY_CACHE    shift, and go to state 11
    PE_PREFIX_MEM      shift, and go to state 12

    event                    go to state 108
    event_mod                go to state 19
    event_name               go to state 20
    event_def                go to state 21
    event_pmu                go to state 22
    value_sym                go to state 23
    event_legacy_symbol      go to state 24
    event_legacy_cache       go to state 25
    event_legacy_mem         go to state 26
    event_legacy_tracepoint  go to state 27
    tracepoint_name          go to state 28
    event_legacy_numeric     go to state 29
    event_legacy_raw         go to state 30


State 86

   11 group_def: '{' events '}' .

    $default  reduce using rule 11 (group_def)


State 87

    4 groups: groups ',' group .

    $default  reduce using rule 4 (groups)


State 88

    5 groups: groups ',' event .

    $default  reduce using rule 5 (groups)


State 89

    8 group: group_def ':' PE_MODIFIER_EVENT .

    $default  reduce using rule 8 (group)


State 90

   30 event_legacy_symbol: value_sym '/' event_config . '/'
   48 event_config: event_config . ',' event_term

    ','  shift, and go to state 72
    '/'  shift, and go to state 109


State 91

   63 event_term: PE_TERM '=' PE_VALUE .

    $default  reduce using rule 63 (event_term)


State 92

   62 event_term: PE_TERM '=' PE_TERM .

    $default  reduce using rule 62 (event_term)


State 93

   50 name_or_raw: PE_RAW .

    $default  reduce using rule 50 (name_or_raw)


State 94

   51 name_or_raw: PE_NAME .

    $default  reduce using rule 51 (name_or_raw)


State 95

   52 name_or_raw: PE_LEGACY_CACHE .

    $default  reduce using rule 52 (name_or_raw)


State 96

   61 event_term: PE_TERM '=' PE_TERM_HW .

    $default  reduce using rule 61 (event_term)


State 97

   60 event_term: PE_TERM '=' name_or_raw .

    $default  reduce using rule 60 (event_term)


State 98

   48 event_config: event_config ',' event_term .

    $default  reduce using rule 48 (event_config)


State 99

   55 event_term: name_or_raw '=' PE_VALUE .

    $default  reduce using rule 55 (event_term)


State 100

   56 event_term: name_or_raw '=' PE_TERM_HW .

    $default  reduce using rule 56 (event_term)


State 101

   54 event_term: name_or_raw '=' name_or_raw .

    $default  reduce using rule 54 (event_term)


State 102

   40 event_legacy_numeric: PE_VALUE ':' PE_VALUE opt_event_config .

    $default  reduce using rule 40 (event_legacy_numeric)


State 103

   42 opt_event_config: '/' event_config '/' .

    $default  reduce using rule 42 (opt_event_config)


State 104

   10 group_def: PE_NAME '{' events '}' .

    $default  reduce using rule 10 (group_def)


State 105

   45 opt_pmu_config: '/' event_config '/' .

    $default  reduce using rule 45 (opt_pmu_config)


State 106

   36 event_legacy_mem: PE_PREFIX_MEM PE_VALUE PE_BP_COLON PE_MODIFIER_BP . opt_event_config

    '/'  shift, and go to state 48

    $default  reduce using rule 44 (opt_event_config)

    opt_event_config  go to state 110


State 107

   34 event_legacy_mem: PE_PREFIX_MEM PE_VALUE PE_BP_SLASH PE_VALUE . PE_BP_COLON PE_MODIFIER_BP opt_event_config
   35                 | PE_PREFIX_MEM PE_VALUE PE_BP_SLASH PE_VALUE . opt_event_config

    PE_BP_COLON  shift, and go to state 111
    '/'          shift, and go to state 48

    $default  reduce using rule 44 (opt_event_config)

    opt_event_config  go to state 112


State 108

   12 events: events ',' event .

    $default  reduce using rule 12 (events)


State 109

   30 event_legacy_symbol: value_sym '/' event_config '/' .

    $default  reduce using rule 30 (event_legacy_symbol)


State 110

   36 event_legacy_mem: PE_PREFIX_MEM PE_VALUE PE_BP_COLON PE_MODIFIER_BP opt_event_config .

    $default  reduce using rule 36 (event_legacy_mem)


State 111

   34 event_legacy_mem: PE_PREFIX_MEM PE_VALUE PE_BP_SLASH PE_VALUE PE_BP_COLON . PE_MODIFIER_BP opt_event_config

    PE_MODIFIER_BP  shift, and go to state 113


State 112

   35 event_legacy_mem: PE_PREFIX_MEM PE_VALUE PE_BP_SLASH PE_VALUE opt_event_config .

    $default  reduce using rule 35 (event_legacy_mem)


State 113

   34 event_legacy_mem: PE_PREFIX_MEM PE_VALUE PE_BP_SLASH PE_VALUE PE_BP_COLON PE_MODIFIER_BP . opt_event_config

    '/'  shift, and go to state 48

    $default  reduce using rule 44 (opt_event_config)

    opt_event_config  go to state 114


State 114

   34 event_legacy_mem: PE_PREFIX_MEM PE_VALUE PE_BP_SLASH PE_VALUE PE_BP_COLON PE_MODIFIER_BP opt_event_config .

    $default  reduce using rule 34 (event_legacy_mem)
